# JRE version: OpenJDK Runtime Environment (7.0_65-b32) (build 1.7.0_65-b32)
# Java VM: OpenJDK Server VM (24.65-b04 mixed mode linux-x86 )
Heap
 PSYoungGen      total 9216K, used 5802K [0xa8840000, 0xa9a40000, 0xb3300000)
  eden space 7936K, 57% used [0xa8840000,0xa8caeb38,0xa9000000)
  from space 1280K, 98% used [0xa9900000,0xa9a3c090,0xa9a40000)
  to   space 1280K, 0% used [0xa9000000,0xa9000000,0xa9140000)
 ParOldGen       total 20480K, used 4795K [0x93300000, 0x94700000, 0xa8840000)
  object space 20480K, 23% used [0x93300000,0x937aecc8,0x94700000)
 PSPermGen       total 16384K, used 11341K [0x8b300000, 0x8c300000, 0x93300000)
  object space 16384K, 69% used [0x8b300000,0x8be13708,0x8c300000)
GC Heap History (4 events):
Event: 1,180 GC heap before
{Heap before GC invocations=1 (full 0):
 PSYoungGen      total 9216K, used 7936K [0xa8840000, 0xa9280000, 0xb3300000)
  eden space 7936K, 100% used [0xa8840000,0xa9000000,0xa9000000)
  from space 1280K, 0% used [0xa9140000,0xa9140000,0xa9280000)
  to   space 1280K, 0% used [0xa9000000,0xa9000000,0xa9140000)
 ParOldGen       total 20480K, used 0K [0x93300000, 0x94700000, 0xa8840000)
  object space 20480K, 0% used [0x93300000,0x93300000,0x94700000)
 PSPermGen       total 16384K, used 7115K [0x8b300000, 0x8c300000, 0x93300000)
  object space 16384K, 43% used [0x8b300000,0x8b9f2ec0,0x8c300000)
Event: 1,193 GC heap after
Heap after GC invocations=1 (full 0):
 PSYoungGen      total 9216K, used 1272K [0xa8840000, 0xa9a40000, 0xb3300000)
  eden space 7936K, 0% used [0xa8840000,0xa8840000,0xa9000000)
  from space 1280K, 99% used [0xa9000000,0xa913e080,0xa9140000)
  to   space 1280K, 0% used [0xa9900000,0xa9900000,0xa9a40000)
 ParOldGen       total 20480K, used 1684K [0x93300000, 0x94700000, 0xa8840000)
  object space 20480K, 8% used [0x93300000,0x934a5158,0x94700000)
 PSPermGen       total 16384K, used 7115K [0x8b300000, 0x8c300000, 0x93300000)
  object space 16384K, 43% used [0x8b300000,0x8b9f2ec0,0x8c300000)
}
Event: 93,791 GC heap before
{Heap before GC invocations=2 (full 0):
 PSYoungGen      total 9216K, used 8395K [0xa8840000, 0xa9a40000, 0xb3300000)
  eden space 7936K, 89% used [0xa8840000,0xa8f34bd8,0xa9000000)
  from space 1280K, 99% used [0xa9000000,0xa913e080,0xa9140000)
  to   space 1280K, 0% used [0xa9900000,0xa9900000,0xa9a40000)
 ParOldGen       total 20480K, used 1684K [0x93300000, 0x94700000, 0xa8840000)
  object space 20480K, 8% used [0x93300000,0x934a5158,0x94700000)
 PSPermGen       total 16384K, used 11276K [0x8b300000, 0x8c300000, 0x93300000)
  object space 16384K, 68% used [0x8b300000,0x8be03280,0x8c300000)
Event: 93,800 GC heap after
Heap after GC invocations=2 (full 0):
 PSYoungGen      total 9216K, used 1264K [0xa8840000, 0xa9a40000, 0xb3300000)
  eden space 7936K, 0% used [0xa8840000,0xa8840000,0xa9000000)
  from space 1280K, 98% used [0xa9900000,0xa9a3c090,0xa9a40000)
  to   space 1280K, 0% used [0xa9000000,0xa9000000,0xa9140000)
 ParOldGen       total 20480K, used 4795K [0x93300000, 0x94700000, 0xa8840000)
  object space 20480K, 23% used [0x93300000,0x937aecc8,0x94700000)
 PSPermGen       total 16384K, used 11276K [0x8b300000, 0x8c300000, 0x93300000)
  object space 16384K, 68% used [0x8b300000,0x8be03280,0x8c300000)
}

