# JRE version: OpenJDK Runtime Environment (7.0_65-b32) (build 1.7.0_65-b32)
# Java VM: OpenJDK Server VM (24.65-b04 mixed mode linux-x86 )
Heap
 PSYoungGen      total 17152K, used 6547K [0xa8840000, 0xa9a40000, 0xb3300000)
  eden space 15872K, 33% used [0xa8840000,0xa8d66e10,0xa97c0000)
  from space 1280K, 99% used [0xa9900000,0xa9a3e080,0xa9a40000)
  to   space 1280K, 0% used [0xa97c0000,0xa97c0000,0xa9900000)
 ParOldGen       total 20480K, used 2502K [0x93300000, 0x94700000, 0xa8840000)
  object space 20480K, 12% used [0x93300000,0x93571a30,0x94700000)
 PSPermGen       total 16384K, used 10841K [0x8b300000, 0x8c300000, 0x93300000)
  object space 16384K, 66% used [0x8b300000,0x8bd967d0,0x8c300000)
GC Heap History (4 events):
Event: 0,800 GC heap before
{Heap before GC invocations=1 (full 0):
 PSYoungGen      total 9216K, used 7936K [0xa8840000, 0xa9280000, 0xb3300000)
  eden space 7936K, 100% used [0xa8840000,0xa9000000,0xa9000000)
  from space 1280K, 0% used [0xa9140000,0xa9140000,0xa9280000)
  to   space 1280K, 0% used [0xa9000000,0xa9000000,0xa9140000)
 ParOldGen       total 20480K, used 0K [0x93300000, 0x94700000, 0xa8840000)
  object space 20480K, 0% used [0x93300000,0x93300000,0x94700000)
 PSPermGen       total 16384K, used 7115K [0x8b300000, 0x8c300000, 0x93300000)
  object space 16384K, 43% used [0x8b300000,0x8b9f2ff8,0x8c300000)
Event: 0,815 GC heap after
Heap after GC invocations=1 (full 0):
 PSYoungGen      total 9216K, used 1272K [0xa8840000, 0xa9a40000, 0xb3300000)
  eden space 7936K, 0% used [0xa8840000,0xa8840000,0xa9000000)
  from space 1280K, 99% used [0xa9000000,0xa913e080,0xa9140000)
  to   space 1280K, 0% used [0xa9900000,0xa9900000,0xa9a40000)
 ParOldGen       total 20480K, used 1697K [0x93300000, 0x94700000, 0xa8840000)
  object space 20480K, 8% used [0x93300000,0x934a84d0,0x94700000)
 PSPermGen       total 16384K, used 7115K [0x8b300000, 0x8c300000, 0x93300000)
  object space 16384K, 43% used [0x8b300000,0x8b9f2ff8,0x8c300000)
}
Event: 3,038 GC heap before
{Heap before GC invocations=2 (full 0):
 PSYoungGen      total 9216K, used 5921K [0xa8840000, 0xa9a40000, 0xb3300000)
  eden space 7936K, 58% used [0xa8840000,0xa8cca6a8,0xa9000000)
  from space 1280K, 99% used [0xa9000000,0xa913e080,0xa9140000)
  to   space 1280K, 0% used [0xa9900000,0xa9900000,0xa9a40000)
 ParOldGen       total 20480K, used 1697K [0x93300000, 0x94700000, 0xa8840000)
  object space 20480K, 8% used [0x93300000,0x934a84d0,0x94700000)
 PSPermGen       total 16384K, used 10803K [0x8b300000, 0x8c300000, 0x93300000)
  object space 16384K, 65% used [0x8b300000,0x8bd8cde0,0x8c300000)
Event: 3,044 GC heap after
Heap after GC invocations=2 (full 0):
 PSYoungGen      total 17152K, used 1272K [0xa8840000, 0xa9a40000, 0xb3300000)
  eden space 15872K, 0% used [0xa8840000,0xa8840000,0xa97c0000)
  from space 1280K, 99% used [0xa9900000,0xa9a3e080,0xa9a40000)
  to   space 1280K, 0% used [0xa97c0000,0xa97c0000,0xa9900000)
 ParOldGen       total 20480K, used 2502K [0x93300000, 0x94700000, 0xa8840000)
  object space 20480K, 12% used [0x93300000,0x93571a30,0x94700000)
 PSPermGen       total 16384K, used 10803K [0x8b300000, 0x8c300000, 0x93300000)
  object space 16384K, 65% used [0x8b300000,0x8bd8cde0,0x8c300000)
}

